<?xml version="1.0" encoding="UTF-8"?>
<!-- Generated by org.testng.reporters.JUnitReportReporter -->
<testsuite name="webapi.testing.BodyTestWithJackson" tests="4" time="3.233" ignored="0" failures="0" timestamp="04 may 2021 19:59:46 GMT" skipped="0" hostname="REM-LT-210419F" errors="0">
  <testcase name="returnsCorrectLogin" time="0.669" classname="webapi.testing.BodyTestWithJackson"/>
  <testcase name="correctRateLimitsAreSet" time="1.161" classname="webapi.testing.BodyTestWithJackson"/>
  <testcase name="notFoundMessageIsCorrect" time="0.405" classname="webapi.testing.BodyTestWithJackson"/>
  <testcase name="returnsCorrectId" time="0.998" classname="webapi.testing.BodyTestWithJackson"/>
</testsuite> <!-- webapi.testing.BodyTestWithJackson -->
