<?xml version="1.0" encoding="UTF-8"?>
<!-- Generated by org.testng.reporters.JUnitReportReporter -->
<testsuite name="webapi.testing.BodyTestWithSimpleMap" tests="2" time="1.815" ignored="0" failures="0" timestamp="04 may 2021 18:14:23 GMT" skipped="0" hostname="REM-LT-210419F" errors="0">
  <testcase name="returnCorrectLogin" time="1.259" classname="webapi.testing.BodyTestWithSimpleMap"/>
  <testcase name="returnCorrectId" time="0.556" classname="webapi.testing.BodyTestWithSimpleMap"/>
</testsuite> <!-- webapi.testing.BodyTestWithSimpleMap -->
