<?xml version="1.0" encoding="UTF-8"?>
<!-- Generated by org.testng.reporters.JUnitReportReporter -->
<testsuite ignored="0" hostname="REM-LT-210419F" failures="0" tests="1" name="webapi.testing.Get404" time="0.767" errors="0" timestamp="04 may. 2021 15:15:59 GMT" skipped="0">
  <testcase classname="webapi.testing.Get404" name="nonExistingUrlReturns404" time="0.767"/>
</testsuite> <!-- webapi.testing.Get404 -->
