<?xml version="1.0" encoding="UTF-8"?>
<!-- Generated by org.testng.reporters.JUnitReportReporter -->
<testsuite ignored="0" hostname="REM-LT-210419F" failures="0" tests="3" name="webapi.testing.Get401" time="1.455" errors="0" timestamp="04 may. 2021 15:45:57 GMT" skipped="0">
  <testcase classname="webapi.testing.Get401" name="userReturns401" time="0.793"/>
  <testcase classname="webapi.testing.Get401" name="userReturns401" time="0.304"/>
  <testcase classname="webapi.testing.Get401" name="userReturns401" time="0.358"/>
</testsuite> <!-- webapi.testing.Get401 -->
