<?xml version="1.0" encoding="UTF-8"?>
<!-- Generated by org.testng.reporters.JUnitReportReporter -->
<testsuite ignored="0" hostname="REM-LT-210419F" failures="0" tests="3" name="webapi.testing.Get200" time="2.218" errors="0" timestamp="04 may. 2021 15:12:35 GMT" skipped="0">
  <testcase classname="webapi.testing.Get200" name="baseUrlReturns200" time="0.539"/>
  <testcase classname="webapi.testing.Get200" name="searchReturns200" time="1.079"/>
  <testcase classname="webapi.testing.Get200" name="rateLimitReturns200" time="0.600"/>
</testsuite> <!-- webapi.testing.Get200 -->
