<?xml version="1.0" encoding="UTF-8"?>
<!-- Generated by org.testng.reporters.JUnitReportReporter -->
<testsuite name="webapi.testing.ResponseHeaders" tests="3" time="1.377" ignored="0" failures="0" timestamp="04 may 2021 18:03:28 GMT" skipped="0" hostname="REM-LT-210419F" errors="0">
  <testcase name="contentTypeIsJson" time="0.470" classname="webapi.testing.ResponseHeaders"/>
  <testcase name="serverIsGithub" time="0.337" classname="webapi.testing.ResponseHeaders"/>
  <testcase name="xRateLimitIsSixty" time="0.570" classname="webapi.testing.ResponseHeaders"/>
</testsuite> <!-- webapi.testing.ResponseHeaders -->
